2024-03-26 17:49:22,523 INFO (StartupInfoLogger.java:51)- Starting Application using Java 19.0.1 with PID 71048 (/Users/michael/Documents/JavaProject/agv_tci/target/classes started by michael in /Users/michael/Documents/JavaProject/agv_tci)
2024-03-26 17:49:22,527 INFO (SpringApplication.java:634)- No active profile set, falling back to 1 default profile: "default"
2024-03-26 17:49:22,600 INFO (DeferredLog.java:250)- The Class-Path manifest attribute in /Users/michael/.m2/repository/com/mchange/c3p0/0.9.5.5/c3p0-0.9.5.5.jar referenced one or more files that do not exist: file:/Users/michael/.m2/repository/com/mchange/c3p0/0.9.5.5/mchange-commons-java-0.2.19.jar
2024-03-26 17:49:22,601 INFO (DeferredLog.java:250)- Devtools property defaults active! Set 'spring.devtools.add-properties' to 'false' to disable
2024-03-26 17:49:22,601 INFO (DeferredLog.java:250)- For additional web related logging consider setting the 'logging.level.web' property to 'DEBUG'
2024-03-26 17:49:23,676 INFO (TomcatWebServer.java:108)- Tomcat initialized with port(s): 8080 (http)
2024-03-26 17:49:23,685 INFO (DirectJDKLog.java:173)- Initializing ProtocolHandler ["http-nio-8080"]
2024-03-26 17:49:23,687 INFO (DirectJDKLog.java:173)- Starting service [Tomcat]
2024-03-26 17:49:23,687 INFO (DirectJDKLog.java:173)- Starting Servlet engine: [Apache Tomcat/10.1.10]
2024-03-26 17:49:23,738 INFO (DirectJDKLog.java:173)- Initializing Spring embedded WebApplicationContext
2024-03-26 17:49:23,738 INFO (ServletWebServerApplicationContext.java:291)- Root WebApplicationContext: initialization completed in 1137 ms
2024-03-26 17:49:23,815 INFO (Slf4jMLog.java:212)- MLog clients using slf4j logging.
2024-03-26 17:49:23,914 INFO (Slf4jMLog.java:212)- Initializing c3p0-0.9.5.5 [built 11-December-2019 22:18:33 -0800; debug? true; trace: 10]
2024-03-26 17:49:24,170 INFO (Slf4jMLog.java:212)- Initializing c3p0 pool... com.mchange.v2.c3p0.ComboPooledDataSource [ acquireIncrement -> 3, acquireRetryAttempts -> 30, acquireRetryDelay -> 1000, autoCommitOnClose -> false, automaticTestTable -> null, breakAfterAcquireFailure -> false, checkoutTimeout -> 0, connectionCustomizerClassName -> null, connectionTesterClassName -> com.mchange.v2.c3p0.impl.DefaultConnectionTester, contextClassLoaderSource -> caller, dataSourceName -> 2sbkq3b2xw9m2h1t8uc22|5836e241, debugUnreturnedConnectionStackTraces -> true, description -> null, driverClass -> com.mysql.cj.jdbc.Driver, extensions -> {}, factoryClassLocation -> null, forceIgnoreUnresolvedTransactions -> false, forceSynchronousCheckins -> false, forceUseNamedDriverClass -> false, identityToken -> 2sbkq3b2xw9m2h1t8uc22|5836e241, idleConnectionTestPeriod -> 0, initialPoolSize -> 3, jdbcUrl -> jdbc:mysql://localhost:3306/YIDAGV?zeroDateTimeBehavior=convertToNull&serverTimezone=Asia/Taipei&characterEncoding=utf-8&useUnicode=true, maxAdministrativeTaskTime -> 0, maxConnectionAge -> 3600, maxIdleTime -> 0, maxIdleTimeExcessConnections -> 60, maxPoolSize -> 15, maxStatements -> 0, maxStatementsPerConnection -> 0, minPoolSize -> 3, numHelperThreads -> 3, preferredTestQuery -> null, privilegeSpawnedThreads -> false, properties -> {password=******, user=******}, propertyCycle -> 0, statementCacheNumDeferredCloseThreads -> 0, testConnectionOnCheckin -> false, testConnectionOnCheckout -> false, unreturnedConnectionTimeout -> 0, userOverrides -> {}, usesTraditionalReflectiveProxies -> false ]
2024-03-26 17:49:24,388 INFO (AGVManager.java:34)- Initialize agvStatusMap: {1=com.yid.agv.model.AgvStatus@b9258b4}
2024-03-26 17:49:24,397 INFO (StationManager.java:34)- Initialize stationStatusMap: {1=com.yid.agv.model.StationStatus@4e6ee84d, 2=com.yid.agv.model.StationStatus@24a74f9e, 3=com.yid.agv.model.StationStatus@58149062, 4=com.yid.agv.model.StationStatus@934cf8a, 5=com.yid.agv.model.StationStatus@30a16261, 6=com.yid.agv.model.StationStatus@2ee41054, 7=com.yid.agv.model.StationStatus@520f026a, 8=com.yid.agv.model.StationStatus@7de8df3e, 9=com.yid.agv.model.StationStatus@46e11888, 10=com.yid.agv.model.StationStatus@4889c6b0, 11=com.yid.agv.model.StationStatus@62bf8199, 12=com.yid.agv.model.StationStatus@5915b3df, 13=com.yid.agv.model.StationStatus@177ed52d, 14=com.yid.agv.model.StationStatus@11c43d34, 15=com.yid.agv.model.StationStatus@fe9d5dc, 16=com.yid.agv.model.StationStatus@7b1614b5, 17=com.yid.agv.model.StationStatus@1aa07147}
2024-03-26 17:49:24,760 INFO (OptionalLiveReloadServer.java:59)- LiveReload server is running on port 35729
2024-03-26 17:49:24,769 INFO (DirectJDKLog.java:173)- Starting ProtocolHandler ["http-nio-8080"]
2024-03-26 17:49:24,778 INFO (TomcatWebServer.java:220)- Tomcat started on port(s): 8080 (http) with context path '/YIDAGV'
2024-03-26 17:49:24,789 INFO (StartupInfoLogger.java:57)- Started Application in 2.79 seconds (process running for 3.243)
2024-03-26 17:49:24,846 WARN (InstantStatus.java:651)- AGV 控制系統未連線
